CPU time to construct a MovieNet Database: 179 millisec
A shortest path from Haddrick, Roy to Broadhurst, Spence : (null)
A shortest path from Houvouras, Anghus to Lackey, Brad : (null)
A shortest path from Levitt, John to Glaser, Paul Michael : Levitt, John -> Goorney, Howard -> Glaser, Paul Michael
A shortest path from Rojas III, Rafael to Levinson, Charlotte : Rojas III, Rafael -> Ganzel, Teresa -> Oz, Frank -> Levinson, Charlotte
A shortest path from Montgomery, Pricilla to Chadwick, Robin : Montgomery, Pricilla -> Houghton, Shep -> Gielgud, John -> Chadwick, Robin
A shortest path from Deal, Bill (II) to Henry, Michael Tyler : Deal, Bill (II) -> Jones, Ben (I) -> Wayland, Len -> Swofford, Ken -> Soucie, Kath -> Dorn, Patrick -> Henry, Michael Tyler
A shortest path from Barr, Karen to Carsten, Peter : Barr, Karen -> Varney, Jim -> Davey, Rachel (I) -> Long, Matthew (I) -> Carsten, Peter
A shortest path from Ruscio, Al to Tajima, Reiko : Ruscio, Al -> Brooke, Walter -> Fujita, Susumu -> Koizumi, Hiroshi (I) -> Tajima, Reiko
A shortest path from Magwood, Robbie to Monk, Roland : Magwood, Robbie -> Stanton, Harry Dean -> Wallach, Eli -> Monk, Roland
A shortest path from Blake, Julia (I) to Urquhart, Molly : Blake, Julia (I) -> McMillan, Babs -> Mann, Danny (I) -> Hurt, John -> Urquhart, Molly
A shortest path from Stanley, Ralph (I) to Sui, Kam Wong : (null)
A shortest path from No?, Giorgio to Carol, Martine : No?, Giorgio -> Cleese, John -> Howard, Trevor (I) -> Carol, Martine
A shortest path from Dukelow, Peter to Medford, Kay : Dukelow, Peter -> Sharif, Omar -> Medford, Kay
A shortest path from Kavanagh, Michael C. to von Friedl, Loni : Kavanagh, Michael C. -> Kruschen, Jack -> Adams, Peter (I) -> Lom, Herbert -> von Friedl, Loni
A shortest path from Brown, Clancy to Donner, Jack : Brown, Clancy -> Lawrence, Andrew (I) -> Donner, Jack
A shortest path from Morgan, John (I) to Erwin, Bill : Morgan, John (I) -> Erwin, Bill
A shortest path from Wellman, James to Lilly, Alan : Wellman, James -> Cross, Dennis -> Rooney, Mickey (I) -> Lilly, Alan
A shortest path from Sabe, Jimmy to Bonucci, Alberto : Sabe, Jimmy -> James, Sid (I) -> Audley, Maxine -> Palmer, Renzo -> Bonucci, Alberto
A shortest path from Pimentel, Heleen to Porterfield, Robert : Pimentel, Heleen -> Bikel, Theodore -> Burke, Walter -> Peck, Gregory -> Porterfield, Robert
A shortest path from Moore, Carl (I) to Granger, Marc : Moore, Carl (I) -> Taylor, Elizabeth (I) -> Naismith, Laurence -> Granger, Marc
A shortest path from Bridgeman, Julia to January, Lois : Bridgeman, Julia -> Simon, Charles (II) -> Morley, Robert (I) -> George, John (I) -> January, Lois
A shortest path from Whitney, Bob to Blackwell, Emma : Whitney, Bob -> Keaton, Buster -> Lansbury, Angela -> Blackwell, Emma
A shortest path from Timoushin, Alec to Easton, Robert (I) : Timoushin, Alec -> Kelly, Grace (I) -> Rooney, Mickey (I) -> Easton, Robert (I)
A shortest path from Castle, Nick (I) to Webb, David (I) : (null)
A shortest path from Hiraga, Yoshio to Easton, Sheena : Hiraga, Yoshio -> Morley, Robert (I) -> Jay, Tony -> Easton, Sheena
A shortest path from Hannon, Betty to Horvath, Jan : Hannon, Betty -> Kelly, Gene (I) -> Lansbury, Angela -> Horvath, Jan
A shortest path from Hillier, Steven to Mobley, Roger : Hillier, Steven -> Conway, Tim (I) -> Mobley, Roger
A shortest path from MacIntyre, Gandhi to Schultz, Joel : MacIntyre, Gandhi -> Mann, Danny (I) -> Shatner, William -> Schultz, Joel
A shortest path from Waring, Joseph to Tobin, John H. : (null)
A shortest path from Dalton, Patti to Whittingham, Eve : Dalton, Patti -> Morley, Robert (I) -> Whittingham, Eve
A shortest path from Walia, Sandeep to Horn, Beverley : Walia, Sandeep -> Bron, Eleanor -> McKern, Leo -> Foster, Jodie -> Horn, Beverley
A shortest path from N?methy, Attila to Stratford, Caroline : N?methy, Attila -> Kemp, Anthony -> Wild, Jack (I) -> Stratford, Caroline
A shortest path from Hudd, Roy to Manon, Gloria : Hudd, Roy -> Howard, Vanessa -> Villiers, James -> Battley, David -> Manon, Gloria
A shortest path from Whisenhunt, Larry to Rey, Fernando (I) : Whisenhunt, Larry -> Dern, Bruce -> Reese, Tom -> Ansara, Michael -> Rey, Fernando (I)
A shortest path from Medford, Kay to Silvestri, Ellen : (null)
A shortest path from Primosig, Jesse to Mulholland, Gordon : Primosig, Jesse -> Panettiere, Hayden -> McDowall, Roddy -> Gregson, John (I) -> Mulholland, Gordon
A shortest path from Bisacco, Roberto to Funari, Augusto : Bisacco, Roberto -> Billa, Salvatore -> Meniconi, Furio -> Imbr?, Gaetano -> Funari, Augusto
A shortest path from Hillenburg, Andy to Clarke, Robert (I) : Hillenburg, Andy -> Herbie The Love Bug -> Fong, Benson -> Quillan, Eddie -> Clarke, Robert (I)
A shortest path from Margetts, Monty to Chang, Guifa : (null)
A shortest path from Prout, Jennifer to Loncar, Beba : (null)
A shortest path from Leonard, Peggy to Hamilton, Murray (I) : Leonard, Peggy -> Farnum, Franklyn -> Vaughn, Robert (I) -> Hamilton, Murray (I)
A shortest path from Benoit, Mary to Gray, Elspet : Benoit, Mary -> Farnsworth, Richard -> Olson, James -> Britt, Leo -> Gray, Elspet
A shortest path from Hunter, Julie (I) to Tamura, Fumi : Hunter, Julie (I) -> Reynolds, Debbie (I) -> Sinatra, Frank -> Tamura, Fumi
A shortest path from Montalb?n, Carlos to Murakami, Fuyuki : Montalb?n, Carlos -> Nichols, Robert (I) -> Adams, Nick (I) -> Murakami, Fuyuki
A shortest path from Michaelevski, Cliff to Thornton, Cyril : Michaelevski, Cliff -> LuPone, Robert -> Morley, Robert (I) -> Morgan, Clive -> Thornton, Cyril
A shortest path from Blackwell, David (I) to Kenzle, Ken : Blackwell, David (I) -> Morgan, Trevor (I) -> Hearn, George -> DeLuise, Dom -> Mills, Hayley -> Carroll, Leo G. -> Bradford, Jim -> Kenzle, Ken
A shortest path from Brown, Jack (II) to Vernon, John (I) : (null)
A shortest path from Eisley, Anthony to Lohr, Marie : Eisley, Anthony -> Morton, Clive -> O'Toole, Peter (I) -> Lohr, Marie
A shortest path from Barr, Patrick to Barrymore, John (I) : Barr, Patrick -> Wayne, John (I) -> Barrymore, John (I)
A shortest path from Scofield, Paul (I) to Taylor, Deems : Scofield, Paul (I) -> Welles, Orson -> Martin, Steve (I) -> Taylor, Deems
A shortest path from Boockvor, Steve to Hendry, Miriam : Boockvor, Steve -> Molinare, Richard -> Flower, George 'Buck' -> Larsen, Ham -> Hendry, Miriam
A shortest path from Wolter, Ralf to Merrill, Tommy (I) : Wolter, Ralf -> Baloh, Miha -> J?rgens, Curd -> Wattis, Richard -> Merrill, Tommy (I)
A shortest path from Johnson, Leroy (II) to Gould, Harold (I) : Johnson, Leroy (II) -> Sayre, Jeffrey -> Gould, Harold (I)
A shortest path from Laws, Jennifer (I) to Fischbach, Erica : Laws, Jennifer (I) -> DiPaolo, Dante -> Tamblyn, Russ -> Harris, Julie (I) -> Fischbach, Erica
A shortest path from Charlie, Squeeze Box to Waterman, Stan : (null)
A shortest path from Telienki, Ryan to Shibuya, Hideo : Telienki, Ryan -> Van Patten, Dick -> Romero, Cesar (I) -> Kurobe, Susumu -> Shibuya, Hideo
A shortest path from Fullerton, Fiona to Plaksin, Vasili : Fullerton, Fiona -> Moore, Dudley -> Hawkins, Jack -> Plaksin, Vasili
A shortest path from Bartlett, Craig to Orjas, Jos? : Bartlett, Craig -> Whitmore, James -> Rivera, Luis (III) -> Orjas, Jos?
A shortest path from Bradley, Lisa to Allan, Roger : Bradley, Lisa -> Good, Craig -> Dooley, Paul -> Nichols, Robert (I) -> Allan, Roger
A shortest path from Warren, Tracy Venner to Twaha, Ali : Warren, Tracy Venner -> Richardson, Ian (I) -> Simon, Charles (II) -> Savident, John -> McKenna, Virginia -> Twaha, Ali
A shortest path from Fields, Cornell to VeSota, Bruno : Fields, Cornell -> Strode, Woody -> Wilcox, Frank -> VeSota, Bruno
A shortest path from Bugiewicz, Carole to Kirksey, Iris : Bugiewicz, Carole -> Varney, Jim -> Jillette, Penn -> Lansbury, Angela -> Kirksey, Iris
A shortest path from Maruyama, Hiroko (I) to Skersick, Susan : Maruyama, Hiroko (I) -> McClurg, Edie -> Rocco, Alex -> Scott, Tom (II) -> Skersick, Susan
A shortest path from Larsen, Ham to Hinz, Werner : Larsen, Ham -> Bryant, William (I) -> Wayne, John (I) -> Hinz, Werner
A shortest path from Carthen, Andr? to Adams, Peter (I) : (null)
A shortest path from Trueb, Nicholas to Sasso, Ugo : (null)
A shortest path from Juttner, Shelly to Malland, Alf : (null)
A shortest path from Pennington, Ty to Meredith, Robin : Pennington, Ty -> Key, Tom (I) -> MacNeille, Tress -> Jay, Tony -> Meredith, Robin
A shortest path from Boockvor, Steve to Greener, Dorothy : Boockvor, Steve -> Dennen, Barry -> Zorich, Louis -> Greener, Dorothy
A shortest path from Yonten, Pema to Ford, Fritz : (null)
A shortest path from Anderson, Dan (III) to Prior, Diane : (null)
A shortest path from Fraser, Liz to Palmer, Renzo : Fraser, Liz -> Williams, Frank (I) -> Howard, Arthur (III) -> Dexter, Rosemary -> Palmer, Renzo
A shortest path from Rechenberg, Otto to Dalton, Abby : Rechenberg, Otto -> Burton, Norman -> Monty, Harry -> Devine, Andy (I) -> Dalton, Abby
A shortest path from Gillis, Ann (I) to Cokes, Bud : Gillis, Ann (I) -> Edwards, Sam (I) -> Houghton, Shep -> Cokes, Bud
A shortest path from Furukawa, Yoneka to Hong, Allen D. : Furukawa, Yoneka -> Howard, Trevor (I) -> Cleese, John -> Wylie, Adam -> Hong, Allen D.
A shortest path from Wilson, Dorien to Schon, Kevin : Wilson, Dorien -> Fagerbakke, Bill -> Welker, Frank -> Sabella, Ernie -> Schon, Kevin
A shortest path from Joyner, Jackie (I) to Armen, Kay : (null)
A shortest path from Cotsworth, Staats to Douglass, Pi : Cotsworth, Staats -> Zorich, Louis -> Dennen, Barry -> Douglass, Pi
A shortest path from Harvey, Tom (I) to Perce, Fred : Harvey, Tom (I) -> Bikel, Theodore -> Horan, James W. -> Perce, Fred
A shortest path from Hollingshead, Megan to Singh, Parsan : Hollingshead, Megan -> Ootani, Ikue -> Salonga, Lea -> Margolyes, Miriam -> Stoll, David -> Singh, Parsan
A shortest path from Hart, Susan (I) to Jeffreys, Anne : Hart, Susan (I) -> Lembeck, Harvey -> Stang, Arnold -> Schreiber, Avery -> Jeffreys, Anne
A shortest path from Wilson, Dick (I) to Gagliardi, Vito : Wilson, Dick (I) -> Capers, Virginia -> Carey Jr., Harry -> Spencer, Bud -> Gagliardi, Vito
A shortest path from Osmond, Jimmy to Dodson, Jon (II) : Osmond, Jimmy -> Lynde, Paul -> Johanson, Virgil -> Dodson, Jon (II)
A shortest path from Ware, Rachel to Adlon, Pamela : (null)
A shortest path from Houghton, Nerise to Carr, John K. : Houghton, Nerise -> Henson, Jim (I) -> DeLuise, Dom -> Carr, John K.
A shortest path from Tajima, Reiko to Artyomova, Galina : Tajima, Reiko -> Ogawa, Yasuzo -> Ahn, Philip (I) -> Browne, Roscoe Lee -> Senkevich, Yuri -> Artyomova, Galina
A shortest path from Buiret, Daniel to Armstrong, Ray (I) : (null)
A shortest path from Truffaut, Eva to Evans, Mike (I) : (null)
A shortest path from Paull, Morgan to O'Byrne, Bryan : Paull, Morgan -> O'Byrne, Bryan
A shortest path from Harmon, Manny to Drake, Dick (I) : Harmon, Manny -> Wertimer, Ned -> Holcombe, Harry -> Pyle, Denver -> Drake, Dick (I)
A shortest path from Cowan, Ashley to Mazstead, Mary : Cowan, Ashley -> Howard, Trevor (I) -> Mazstead, Mary
A shortest path from Roebke, Carroll to Tinne, Alex : Roebke, Carroll -> Cabot, Ceil -> Tinne, Alex
A shortest path from Vazquez, Claudia to H?nin, Georges : (null)
A shortest path from Rolfe, Guy (I) to Palacios, Ricardo : Rolfe, Guy (I) -> Blanc, Mel -> Lester, Mark (I) -> Palacios, Ricardo
A shortest path from Zeman, Milan to Sk?nberg, Jo : (null)
A shortest path from Holmes, Wendell (I) to Meunier, Monique : Holmes, Wendell (I) -> Sayre, Jeffrey -> Welker, Frank -> Kline, Kevin -> Meunier, Monique
A shortest path from Daniels, J.D. to Duncan, Peter (I) : Daniels, J.D. -> Wright, Ben (I) -> Washbourne, Mona -> Duncan, Peter (I)
A shortest path from Robinson, Susan (III) to Walsh, Johnny (I) : Robinson, Susan (III) -> Lane, Lauri Lupino -> Chaplin, Charles -> Rooney, Mickey (I) -> Walsh, Johnny (I)
A shortest path from Rivera, Jonas to Sweeten, Madylin : Rivera, Jonas -> Bergen, Bob -> Sweeten, Madylin
A shortest path from Reid, Sue (I) to Logan, Frank (I) : Reid, Sue (I) -> Copley, Peter -> McCallum, David (I) -> Logan, Frank (I)
A shortest path from Cabeen, Boyd to Tzvetarski, Ivan : (null)
A shortest path from Nakado, Kico to Kurtz, Shelly (I) : Nakado, Kico -> Gingold, Hermione -> Howard, Rance -> Kurtz, Shelly (I)
A shortest path from North, Heather to Singh, Mohan (I) : North, Heather -> Russell, Kurt (I) -> Tuttle, Lurene -> Lee, Christopher (I) -> Singh, Mohan (I)
A shortest path from Gibson, Mimi to del Pozo, ?ngel : Gibson, Mimi -> Kohler Jr., Fred -> Barri, Bernabe Barta -> del Pozo, ?ngel
A shortest path from Bett, John (I) to Jones, Harriet (I) : Bett, John (I) -> Gold, Louise -> Curry, Tim (I) -> Jones, Harriet (I)
A shortest path from Reed, Mack to Bigelow, Edward : Reed, Mack -> Wills, Chill -> Withers, Jane -> Kline, Kevin -> Bigelow, Edward
A shortest path from Harvey, Michael Louis to Torn, Rip : Harvey, Michael Louis -> Cummings, Jim (I) -> Torn, Rip
A shortest path from Abineri, Daniel to Rode, Walter : Abineri, Daniel -> Plummer, Christopher (I) -> Sayre, Jeffrey -> Rode, Walter
A shortest path from Rivera, Jonas to Brazier, Fergus : Rivera, Jonas -> Hunt, Bonnie -> Oz, Frank -> Brazier, Fergus
A shortest path from Brazzi, Rossano to Carpenter, Beth : Brazzi, Rossano -> Keith, Brian (I) -> Carlin, George -> Hanks, Tom -> Carpenter, Beth
A shortest path from Lowry, Morton (I) to Harris, Eliza : Lowry, Morton (I) -> Hodgson, Leyland -> Lansbury, Angela -> Kline, Kevin -> Reznick, Peter (I) -> Harris, Eliza
A shortest path from Hines, Gregory to Bitenc, Demeter : Hines, Gregory -> Henson, Jim (I) -> Welles, Orson -> Bitenc, Demeter
A shortest path from Schneider, Mark (I) to Lehmann, Edie : Schneider, Mark (I) -> Darden, Severn -> McDowall, Roddy -> Welker, Frank -> Lehmann, Edie
A shortest path from Pierce, Bradley to Stevens, Alta M. : Pierce, Bradley -> Lansbury, Angela -> Wilson, Harry (I) -> Stevens, Alta M.
A shortest path from Anderson, Robert G. (I) to Dietrich, Dena : Anderson, Robert G. (I) -> Hackett, Joan -> Dietrich, Dena
A shortest path from Maurice, Marcus to Puckett, Don : Maurice, Marcus -> Wagner, Robert (I) -> Wayne, John (I) -> Vigran, Herb -> Puckett, Don
A shortest path from Patterson, Barbara June to Horsley, John : Patterson, Barbara June -> Farnsworth, Richard -> Scott, Martha -> Horsley, John
A shortest path from Waldhorn, Gary to Massine, L?onide : Waldhorn, Gary -> Coleman, Bryan (I) -> Mordente, Tony -> Massine, L?onide
A shortest path from Hanna, Elizabeth to Marciano, Harry : Hanna, Elizabeth -> Diller, Phyllis (I) -> McDowell, Malcolm -> Bouchard, Raymond -> Leboeuf, Marcel -> Marciano, Harry
A shortest path from Maggio, Enzo to Hart, Maurice : Maggio, Enzo -> Pleasence, Donald -> Ansara, Michael -> Hart, Maurice
A shortest path from Ryan, Robert (I) to Golden, Annie : Ryan, Robert (I) -> Ramsey, Ian -> Wallis, Shani -> Golden, Annie
A shortest path from Hiramatsu, Shoshi to Malet, Arthur : Hiramatsu, Shoshi -> Yamadera, K?ichi -> McClurg, Edie -> Malet, Arthur
A shortest path from Henson, Jim (I) to Moreno, Antonio (I) : Henson, Jim (I) -> Gould, Elliott -> Bissell, Whit -> Moreno, Antonio (I)
A shortest path from Neal, Patricia to Robinson, Joey (II) : Neal, Patricia -> Evans, Charles (IV) -> Robinson, Joey (II)
A shortest path from Brown, Jacqueline (III) to Arden, Robert (I) : Brown, Jacqueline (III) -> Draper, Courtnee -> Curry, Tim (I) -> Wallis, Shani -> Arden, Robert (I)
A shortest path from Woodnutt, John to Angarola, Richard : Woodnutt, John -> Bird, Norman -> Delgado, Roger -> Angarola, Richard
A shortest path from Nightingale, Arthur to Matson, Katy : Nightingale, Arthur -> Jay, Tony -> Camp, Hamilton -> Robertson, Cliff -> Matson, Katy
A shortest path from Harris, Mike (III) to Greenfield, Calvin : Harris, Mike (III) -> Taylor, Russi -> McDowall, Roddy -> Darden, Severn -> Greenfield, Calvin
A shortest path from Hallier, Lori to Ingram, Donna Patrice : Hallier, Lori -> Roman, Susan -> Rooney, Mickey (I) -> Horne, Lena -> Ingram, Donna Patrice
A shortest path from Brewers, Sarah to Thompson, Rudy : (null)
A shortest path from Bayer, Rolf to Scales, Prunella : Bayer, Rolf -> Merrill, Gary -> Benson, Lucille -> Agutter, Jenny -> Scales, Prunella
A shortest path from Ave, Steve to Baker, Benjamin Scott : (null)
A shortest path from Kirschner, Alexis (I) to Rhythmettes, The : Kirschner, Alexis (I) -> Welker, Frank -> Savalas, Telly -> Wilson, Harry (I) -> Rhythmettes, The
A shortest path from DeMenno, Lou to Munro, Caroline : DeMenno, Lou -> Bryant, William (I) -> Wynn, Keenan -> Steele, Tommy (I) -> Munro, Caroline
A shortest path from Bose, Rajesh to Valdez, Jorge (I) : (null)
A shortest path from Burton Jr., John (II) to Champion, Jean : (null)
A shortest path from Chen, Christopher (IV) to Seaton, Violet : Chen, Christopher (IV) -> Welker, Frank -> Beaumont, Kathryn -> Seaton, Violet
A shortest path from Dodge Twins, The to LaVere, June : Dodge Twins, The -> Keaton, Buster -> LaVere, June
A shortest path from O'Neal, Kevin (I) to Lang, Christa : O'Neal, Kevin (I) -> Lang, Christa
A shortest path from Flinn III, John C. to Ryan, Edmon : Flinn III, John C. -> Brooke, Walter -> Ryan, Edmon
A shortest path from Clements, Stanley to Dawkins, Paul (I) : Clements, Stanley -> Keaton, Buster -> Romero, Cesar (I) -> Dawkins, Paul (I)
A shortest path from Canipe, Ridge to Zagaria, Anita : Canipe, Ridge -> Breslin, Abigail -> Dorsey, Kevin -> Zagaria, Anita
A shortest path from Meehan, Christopher (II) to Tudor, Jennifer : Meehan, Christopher (II) -> Arness, Andy -> von Detten, Erik -> Jay, Tony -> Elphick, Michael (I) -> Tudor, Jennifer
A shortest path from Stamps, Larry to Leonard, Peggy : Stamps, Larry -> Leonard, Peggy
A shortest path from Christie, Linford to Leigh, Janet : (null)
A shortest path from Kekoa, Sterling to Bowson, Stephen : Kekoa, Sterling -> Harris, Julie (I) -> Rooney, Mickey (I) -> Bowson, Stephen
A shortest path from Travis, Bill to Friedman, Tony (II) : Travis, Bill -> Briggs, Charlie -> Tamblyn, Russ -> Friedman, Tony (II)
A shortest path from Nicholas, Siobhan to Jamaan, Natja : Nicholas, Siobhan -> Jay, Tony -> Welker, Frank -> Begley Jr., Ed -> Jamaan, Natja
A shortest path from O'Brien, Niall to Muglia, Nick : O'Brien, Niall -> Bron, Eleanor -> Jay, Tony -> Kline, Kevin -> Reznick, Peter (I) -> Muglia, Nick
A shortest path from Pierson, Kate to Monroe, Tom (I) : Pierson, Kate -> Proctor, Phil -> Barrie, Barbara -> Monroe, Tom (I)
A shortest path from Mills, Hayley to Ranftl, Sarina : Mills, Hayley -> Shaw, Reta -> Andrews, Julie (I) -> Ranftl, Sarina
A shortest path from Hathaway, Jessica to Forrest, Otto : Hathaway, Jessica -> Gielgud, John -> Forrest, Otto
A shortest path from Fricker, Bill to Friedman, Stanton : (null)
A shortest path from Spreckley, Arthur to Moulinot, Jean-Paul : (null)
A shortest path from Moustache to B?rub?, Jocelyn : Moustache -> Baker, Stanley -> Smith, Kent (I) -> Kellerman, Sally -> McDowell, Malcolm -> Bouchard, Raymond -> Leboeuf, Marcel -> B?rub?, Jocelyn
A shortest path from Hilton, Robyn (I) to O'Shea, Milo (I) : Hilton, Robyn (I) -> Frees, Paul -> Lee, Christopher (I) -> O'Shea, Milo (I)
A shortest path from Merritt, Russell (I) to Parks, Leona M. : Merritt, Russell (I) -> Hedren, Tippi -> Chaplin, Geraldine -> Curtis, Billy (I) -> Parks, Leona M.
A shortest path from Mackleprang, William to Hackenberger, Thomas : Mackleprang, William -> Nicholson, Jack -> Garr, Teri -> Rooney, Mickey (I) -> McConnohie, Michael -> Hackenberger, Thomas
A shortest path from Balbina (I) to Verstraete, Guus (I) : Balbina (I) -> Stone, Marianne -> Watts, Gwendolyn -> Bikel, Theodore -> Verstraete, Guus (I)
A shortest path from Hutton, Rif to Mascherini, Enzo : (null)
A shortest path from Hoover, Kelly to Marine, Bill : Hoover, Kelly -> Lockhart, Anne (I) -> Welker, Frank -> Lasley, David -> Marine, Bill
A shortest path from Newmark, Paul to Cassidy, Ed (I) : Newmark, Paul -> Jones, Ben (I) -> Wayland, Len -> Langan, Glenn -> Worden, Hank -> Cassidy, Ed (I)
A shortest path from Dickinson, Sandra to Houde, Joe : Dickinson, Sandra -> Cummings, Jim (I) -> von Detten, Erik -> Medin, Harriet -> Houde, Joe
A shortest path from Sidumo, Henry to Franculescu, Dan : (null)
A shortest path from McCary, Rod to Wakabayashi, Go : McCary, Rod -> Jones, Hank (I) -> Igawa, Hisashi -> Wakabayashi, Go
A shortest path from Hale, Creighton to Fishman, Duke : Hale, Creighton -> Luke, Keye -> Fishman, Duke
A shortest path from Rickles, Don to Larson, Jean (I) : Rickles, Don -> Gielgud, John -> Larson, Jean (I)
A shortest path from Gross, Mary to Cromwell, James (I) : Gross, Mary -> Daily, Elizabeth -> Cromwell, James (I)
A shortest path from Stewart, Patrick (I) to Theodore, Diana : Stewart, Patrick (I) -> Welker, Frank -> Kidder, Margot -> Theodore, Diana
A shortest path from Szirtes, ?d?m to Morton, Gregory : Szirtes, ?d?m -> Major, Tam?s -> Lynde, Paul -> Morton, Gregory
A shortest path from Pendleton, Charles (I) to Michenaud, Jean-Michel : Pendleton, Charles (I) -> Johnson, Leroy (II) -> Michenaud, Jean-Michel
A shortest path from Garver, Kathy to Travis, Len : Garver, Kathy -> Kane, Eddie (I) -> Helton, Percy -> Travis, Len
A shortest path from Thorpe, Ken to Barth, Eddie : Thorpe, Ken -> Coburn, Charles -> Rooney, Mickey (I) -> Barth, Eddie
A shortest path from Bexley, Don to Michaeli, Elisheva : (null)
A shortest path from Quan, Thomas Y. to Sopwith, Sally : Quan, Thomas Y. -> Mojave, King -> McKennon, Dal -> Sopwith, Sally
A shortest path from Jacquet, Jeffrey to Clayton, Johnnie : Jacquet, Jeffrey -> Lee, Christopher (I) -> Steiner, Marcel -> Clayton, Johnnie
A shortest path from Hutton, Rif to Gelley, Korn?l : Hutton, Rif -> Van Dyke, Dick -> Lynde, Paul -> Major, Tam?s -> Gelley, Korn?l
A shortest path from Ristic, Suzanne to Hope, Dawn : Ristic, Suzanne -> Conway, Tim (I) -> Knotts, Don -> Kinnear, Roy -> Hope, Dawn
A shortest path from DeGideo, April to Leeper, Patricia : (null)
A shortest path from Howat, Clark to November, Linda : Howat, Clark -> Hayes, Helen (I) -> McCann, Chuck (I) -> November, Linda
A shortest path from McKenzie, Kevin (I) to Sturgess, Olive : McKenzie, Kevin (I) -> Hepburn, Katharine -> Grant, Cary -> Lorre, Peter (I) -> Sturgess, Olive
A shortest path from Goble, Diane to Franciscus, James : Goble, Diane -> Miller, Michael (V) -> Frees, Paul -> Franciscus, James
A shortest path from Cei, Pina to Baker, Nate (I) : Cei, Pina -> Cesti?, Renato -> Cusack, Cyril -> Margolyes, Miriam -> Takei, George -> Baker, Nate (I)
A shortest path from Armstrong, R.G. to Omae, Wataru : Armstrong, R.G. -> Rooney, Mickey (I) -> Munshin, Jules -> Omae, Wataru
A shortest path from Dill, Wallace M. to Bradford, Spencer : Dill, Wallace M. -> Sell, Bernard -> Morley, Robert (I) -> Tyson, Cicely -> Bradford, Spencer
A shortest path from Brooks, Christopher (I) to Lanchester, Elsa : (null)
A shortest path from Kane, Thomas (I) to Callahan, Julius : Kane, Thomas (I) -> Chartoff, Melanie -> Benrubi, Abraham -> McCrary, Joel (I) -> Callahan, Julius
A shortest path from Stevenson, Bob (I) to Eaton, Janis : Stevenson, Bob (I) -> Lawford, Peter -> Johnson, Van (I) -> Eaton, Janis
A shortest path from McCann, Les to Mitchum, John : McCann, Les -> Flack, Roberta -> Walker, Bill (I) -> Worden, Hank -> Mitchum, John
A shortest path from Van Cleef, Lee to Matusiak, Michael J. : Van Cleef, Lee -> Morgan, Boyd 'Red' -> Forster, Robert (I) -> Robertson, Cliff -> Matusiak, Michael J.
A shortest path from Attles, Joseph to Eltaeva, Lola : (null)
A shortest path from Boorem, Mika to Fleischer, Charles : Boorem, Mika -> Tisdale, Ashley -> Darling, Jennifer -> Fleischer, Charles
A shortest path from Sasaki, George to Judd, Edward : Sasaki, George -> Sydney, Basil -> Keen, Geoffrey -> Judd, Edward
A shortest path from Takahashi, Atsuko (I) to Roberts, Larry (II) : Takahashi, Atsuko (I) -> Ibuki, Toru -> Bennett, Julie (I) -> Lee, Bill (IV) -> Roberts, Larry (II)
A shortest path from Felder, Isabelle to Love, Darlene : Felder, Isabelle -> Chelton, Tsilla -> Damien, Madeleine -> Harris, Bob (I) -> Presley, Elvis -> Love, Darlene
A shortest path from Blake, Julia (I) to Garcin, Henri : Blake, Julia (I) -> McMillan, Babs -> Rooney, Mickey (I) -> Gravey, Fernand -> P?rier, Fran?ois -> Garcin, Henri
A shortest path from Lee-Sung, Richard to McGuinness, Rory (I) : Lee-Sung, Richard -> Knotts, Don -> Rooney, Mickey (I) -> Coogan, Keith -> McGuinness, Rory (I)
A shortest path from Battin, Charlotte to De Veyra, Yani : (null)
A shortest path from Rogers, Gayle to Thiess, Manuela : Rogers, Gayle -> Morgan, Boyd 'Red' -> Williams, Bill (I) -> Thiess, Manuela
A shortest path from Boyce, Rodger to Abbott, Philip : Boyce, Rodger -> Brown, Susan (I) -> Carroll, Dee -> Moore, Alvy -> Abbott, Philip
CPU time to process queries : 3961 millisec
